   ------------------------------------------------------------------
  | Welcome to ROOT 6.22/06                        https://root.cern |
  | (c) 1995-2020, The ROOT Team; conception: R. Brun, F. Rademakers |
  | Built for macosx64 on Nov 27 2020, 15:14:08                      |
  | From tags/v6-22-06@v6-22-06                                      |
  | Try '.help', '.demo', '.license', '.credits', '.quit'/'.q'       |
   ------------------------------------------------------------------


Processing analisi_dati.C...

 **********
    RUN 0, PROCESSING 15 POINTS...
 **********

 FCN=88.59 FROM MINOS     STATUS=SUCCESSFUL     12 CALLS          78 TOTAL
                     EDM=2.88123e-17    STRATEGY= 1      ERROR MATRIX ACCURATE 
  EXT PARAMETER                                   STEP         FIRST   
  NO.   NAME      VALUE            ERROR          SIZE      DERIVATIVE 
   1  p0           8.45297e-04   1.44609e-07   6.42644e-13  -2.67559e-02
   2  p1           2.81266e-02   4.57961e-07   4.57961e-07  -7.30571e-01

** CHI2 / NDF ( PROB. ) 88.59 / 13 ( 2.59857e-13 )


 **********
    COMPATIBLE
 **********

