   ------------------------------------------------------------------
  | Welcome to ROOT 6.22/06                        https://root.cern |
  | (c) 1995-2020, The ROOT Team; conception: R. Brun, F. Rademakers |
  | Built for macosx64 on Nov 27 2020, 15:14:08                      |
  | From tags/v6-22-06@v6-22-06                                      |
  | Try '.help', '.demo', '.license', '.credits', '.quit'/'.q'       |
   ------------------------------------------------------------------


Processing analisi_dati.C...

 **********
    RUN 0, PROCESSING 12 POINTS...
 **********

 FCN=84.8888 FROM MINOS     STATUS=SUCCESSFUL     10 CALLS          76 TOTAL
                     EDM=1.92972e-15    STRATEGY= 1      ERROR MATRIX ACCURATE 
  EXT PARAMETER                                   STEP         FIRST   
  NO.   NAME      VALUE            ERROR          SIZE      DERIVATIVE 
   1  p0           8.45116e-04   1.75997e-07  -3.65676e-16  -1.65888e-02
   2  p1           2.81277e-02   7.49236e-07   7.49236e-07   3.41216e-03

** CHI2 / NDF ( PROB. ) 84.8888 / 10 ( 5.48997e-14 )


 **********
    COMPATIBLE
 **********

