   ------------------------------------------------------------------
  | Welcome to ROOT 6.22/06                        https://root.cern |
  | (c) 1995-2020, The ROOT Team; conception: R. Brun, F. Rademakers |
  | Built for macosx64 on Nov 27 2020, 15:14:08                      |
  | From tags/v6-22-06@v6-22-06                                      |
  | Try '.help', '.demo', '.license', '.credits', '.quit'/'.q'       |
   ------------------------------------------------------------------


Processing kater_plot.C...

*****************************************************
PROCESSING G1...
*****************************************************

 FCN=73.9182 FROM MIGRAD    STATUS=CONVERGED     188 CALLS         189 TOTAL
                     EDM=3.97945e-09    STRATEGY= 1      ERROR MATRIX ACCURATE 
  EXT PARAMETER                                   STEP         FIRST   
  NO.   NAME      VALUE            ERROR          SIZE      DERIVATIVE 
   1  p0           4.03040e-01   1.47874e-03   3.10619e-07  -1.20677e+00
   2  p1           1.02885e-01   2.34215e-03   2.64997e-07  -1.41163e+00
   3  p2           1.42601e+00   1.15523e-03   6.79977e-07  -1.64832e+00

*****************************************************
FINISHED FITTING G1, PROCESSING G2...
*****************************************************

 FCN=29.9429 FROM MIGRAD    STATUS=CONVERGED     169 CALLS         170 TOTAL
                     EDM=4.15444e-10    STRATEGY= 1      ERROR MATRIX ACCURATE 
  EXT PARAMETER                                   STEP         FIRST   
  NO.   NAME      VALUE            ERROR          SIZE      DERIVATIVE 
   1  p0           8.58763e-01   6.29752e-03   4.09490e-07  -6.01723e-01
   2  p1          -1.13866e+00   1.04428e-02   5.42958e-07  -7.59612e-01
   3  p2           2.14626e+00   4.32699e-03   1.02342e-06  -9.58918e-01

*****************************************************
RESULTS ...
*****************************************************

x* = 0.837707 +/- 0.0276373
T* = 1.79504 +/- 0.000355199
g = 9.80187
