   ------------------------------------------------------------------
  | Welcome to ROOT 6.22/06                        https://root.cern |
  | (c) 1995-2020, The ROOT Team; conception: R. Brun, F. Rademakers |
  | Built for macosx64 on Nov 27 2020, 15:14:08                      |
  | From tags/v6-22-06@v6-22-06                                      |
  | Try '.help', '.demo', '.license', '.credits', '.quit'/'.q'       |
   ------------------------------------------------------------------


Processing kater_plot.C...

 **********
    PROCESSING G1...
 **********

 FCN=18.4192 FROM MINOS     STATUS=FAILURE       511 CALLS        1873 TOTAL
                     EDM=4.33849e-09    STRATEGY= 1      ERR MATRIX NOT POS-DEF
  EXT PARAMETER                APPROXIMATE        STEP         FIRST   
  NO.   NAME      VALUE            ERROR          SIZE      DERIVATIVE 
   1  p0           1.50052e+00   1.11067e-03   4.78264e-06  -9.24021e-01
   2  p1          -7.46122e-02   1.96336e-03  -6.60927e-06  -7.68752e-01
   3  p2           5.08489e-01   1.61729e-03   1.61729e-03  -1.61835e-01

** CHI2 / NDF ( PROB. ) 18.4192 / 3 ( 0.000360406 )


 **********
    PROCESSING G2...
 **********

 FCN=20.0415 FROM MINOS     STATUS=FAILURE       511 CALLS        1759 TOTAL
                     EDM=5.89274e-08    STRATEGY= 1      ERR MATRIX NOT POS-DEF
  EXT PARAMETER                APPROXIMATE        STEP         FIRST   
  NO.   NAME      VALUE            ERROR          SIZE      DERIVATIVE 
   1  p0           2.15156e+00   4.69882e-04   1.72884e-06  -1.68645e+00
   2  p1          -1.15212e+00   8.22046e-04  -2.44928e-06  -1.35845e+00
   3  p2           8.67246e-01   7.09059e-04   7.09059e-04  -2.84828e+00

** CHI2 / NDF ( PROB. ) 20.0415 / 3 ( 0.000166411 )


 **********
    RESULTS ...
 **********

x* = 0.838064 +/- 0.00662776
T* = 1.79512 +/- 0.000355199

 **********
    COMPATIBLE VALUES
 **********

g = 9.80091 +/- 0.00387878
