   ------------------------------------------------------------------
  | Welcome to ROOT 6.22/06                        https://root.cern |
  | (c) 1995-2020, The ROOT Team; conception: R. Brun, F. Rademakers |
  | Built for macosx64 on Nov 27 2020, 15:14:08                      |
  | From tags/v6-22-06@v6-22-06                                      |
  | Try '.help', '.demo', '.license', '.credits', '.quit'/'.q'       |
   ------------------------------------------------------------------


Processing kater_plot.C...

 **********
    PROCESSING G1...
 **********

 FCN=5.77364 FROM MINOS     STATUS=FAILURE       511 CALLS        1811 TOTAL
                     EDM=3.33528e-07    STRATEGY= 1      ERR MATRIX NOT POS-DEF
  EXT PARAMETER                APPROXIMATE        STEP         FIRST   
  NO.   NAME      VALUE            ERROR          SIZE      DERIVATIVE 
   1  p0           1.52714e+00   1.83847e-03   4.48851e-05  -4.70829e+00
   2  p1          -1.38124e-01   3.48281e-03  -6.01644e-05  -3.93554e+00
   3  p2           5.46240e-01   2.79787e-03   2.79787e-03  -1.88389e+00

** CHI2 / NDF ( PROB. ) 5.77364 / 3 ( 0.123158 )


 **********
    PROCESSING G2...
 **********

 FCN=10.0281 FROM MINOS     STATUS=FAILURE       638 CALLS        2319 TOTAL
                     EDM=1.23499e-07    STRATEGY= 1      ERROR MATRIX ACCURATE 
  EXT PARAMETER                                   STEP         FIRST   
  NO.   NAME      VALUE            ERROR          SIZE      DERIVATIVE 
   1  p0           2.15506e+00   1.91735e-03  -1.60577e-05  -1.25600e+01
   2  p1          -1.16120e+00   4.22341e-03   1.87922e-05  -9.68244e+00
   3  p2           8.73079e-01   2.70275e-03   2.70275e-03   7.62415e-01

** CHI2 / NDF ( PROB. ) 10.0281 / 3 ( 0.0183284 )


 **********
    RESULTS ...
 **********

x* = 0.83822 +/- 0.0179785
T* = 1.79515 +/- 0.000355199

 **********
    COMPATIBLE VALUES
 **********

g = 9.80058 +/- 0.00387858
