   ------------------------------------------------------------------
  | Welcome to ROOT 6.22/06                        https://root.cern |
  | (c) 1995-2020, The ROOT Team; conception: R. Brun, F. Rademakers |
  | Built for macosx64 on Nov 27 2020, 15:14:08                      |
  | From tags/v6-22-06@v6-22-06                                      |
  | Try '.help', '.demo', '.license', '.credits', '.quit'/'.q'       |
   ------------------------------------------------------------------


Processing kater_plot.C...

 **********
    PROCESSING G1...
 **********

 FCN=18.4192 FROM HESSE     STATUS=NOT POSDEF     18 CALLS         295 TOTAL
                     EDM=2.78081e-09    STRATEGY= 1      ERR MATRIX NOT POS-DEF
  EXT PARAMETER                APPROXIMATE        STEP         FIRST   
  NO.   NAME      VALUE            ERROR          SIZE      DERIVATIVE 
   1  p0           1.50052e+00   9.53956e-04   3.57751e-07  -1.12121e-01
   2  p1          -7.46122e-02   1.96566e-03   5.65831e-08  -1.38731e-01
   3  p2           5.08489e-01   1.52808e-03   1.21233e-07  -1.61835e-01

** CHI2 / NDF ( PROB. ) 18.4192 / 3 ( 0.000360406 )


 **********
    PROCESSING G2...
 **********

 FCN=20.0415 FROM HESSE     STATUS=NOT POSDEF     16 CALLS         188 TOTAL
                     EDM=5.93214e-08    STRATEGY= 1      ERR MATRIX NOT POS-DEF
  EXT PARAMETER                APPROXIMATE        STEP         FIRST   
  NO.   NAME      VALUE            ERROR          SIZE      DERIVATIVE 
   1  p0           2.15156e+00   4.70557e-04   5.12972e-07  -3.39549e+00
   2  p1          -1.15212e+00   8.22043e-04   2.74687e-07  -3.12642e+00
   3  p2           8.67246e-01   7.10995e-04   2.06768e-07  -2.84828e+00

** CHI2 / NDF ( PROB. ) 20.0415 / 3 ( 0.000166411 )


 **********
    RESULTS ...
 **********

x* = 0.838064 +/- 0.00662776
T* = 1.79512 +/- 0.000355199

 **********
    COMPATIBLE VALUES
 **********

g = 9.80091 +/- 0.00387878
