   ------------------------------------------------------------------
  | Welcome to ROOT 6.22/06                        https://root.cern |
  | (c) 1995-2020, The ROOT Team; conception: R. Brun, F. Rademakers |
  | Built for macosx64 on Nov 27 2020, 15:14:08                      |
  | From tags/v6-22-06@v6-22-06                                      |
  | Try '.help', '.demo', '.license', '.credits', '.quit'/'.q'       |
   ------------------------------------------------------------------


Processing graph_all.C...
Log date/time: Wed Jan 20 10:13:31 2021
--------------------------
Analisi dati NON-LINEARIZZATI:
------------------
Analisi set dati A
 FCN=0.874138 FROM MIGRAD    STATUS=CONVERGED      52 CALLS          53 TOTAL
                     EDM=1.42866e-09    STRATEGY= 1      ERROR MATRIX ACCURATE 
  EXT PARAMETER                                   STEP         FIRST   
  NO.   NAME      VALUE            ERROR          SIZE      DERIVATIVE 
   1  p0           9.88640e+00   1.83337e-01   1.51722e-05  -1.42656e-03
   2  p1           3.14159e+00     fixed    
   3  p2           9.26947e-03   2.19775e-02   1.81862e-06   1.37443e-02
------------------
Analisi set dati B
 FCN=8.88176 FROM MIGRAD    STATUS=CONVERGED      55 CALLS          56 TOTAL
                     EDM=1.05758e-08    STRATEGY= 1      ERROR MATRIX ACCURATE 
  EXT PARAMETER                                   STEP         FIRST   
  NO.   NAME      VALUE            ERROR          SIZE      DERIVATIVE 
   1  p0           1.02577e+01   2.22195e-01   2.46676e-05  -7.71996e-03
   2  p1           3.14159e+00     fixed    
   3  p2           3.02749e-02   2.47253e-02   2.74517e-06   6.61254e-02
------------------
Analisi set dati C
 FCN=23.6188 FROM MIGRAD    STATUS=CONVERGED      55 CALLS          56 TOTAL
                     EDM=3.04068e-08    STRATEGY= 1      ERROR MATRIX ACCURATE 
  EXT PARAMETER                                   STEP         FIRST   
  NO.   NAME      VALUE            ERROR          SIZE      DERIVATIVE 
   1  p0           9.76343e+00   1.28456e-01   2.21813e-05   2.64302e-02
   2  p1           3.14159e+00     fixed    
   3  p2          -1.33892e-02   1.62588e-02   2.80547e-06  -2.05311e-01
--------------------------
Analisi dati LINEARIZZATI:
------------------
Analisi set dati A
 FCN=0.844818 FROM MIGRAD    STATUS=CONVERGED      47 CALLS          48 TOTAL
                     EDM=7.55113e-08    STRATEGY= 1      ERROR MATRIX ACCURATE 
  EXT PARAMETER                                   STEP         FIRST   
  NO.   NAME      VALUE            ERROR          SIZE      DERIVATIVE 
   1  p0           9.84876e+00   8.67131e-02   1.45353e-05   1.42357e-02
   2  p1           3.14159e+00     fixed    
   3  p2           2.23497e-02   4.87705e-02   8.17543e-06  -1.97387e-02
------------------
Analisi set dati B
 FCN=9.07475 FROM MIGRAD    STATUS=CONVERGED      47 CALLS          48 TOTAL
                     EDM=1.49783e-08    STRATEGY= 1      ERROR MATRIX ACCURATE 
  EXT PARAMETER                                   STEP         FIRST   
  NO.   NAME      VALUE            ERROR          SIZE      DERIVATIVE 
   1  p0           1.01118e+01   1.08093e-01   2.45216e-05  -2.16444e-03
   2  p1           3.14159e+00     fixed    
   3  p2           6.35303e-02   5.59209e-02   1.26878e-05   1.10484e-03
------------------
Analisi set dati C
 FCN=23.4214 FROM MIGRAD    STATUS=CONVERGED      52 CALLS          53 TOTAL
                     EDM=1.28802e-07    STRATEGY= 1      ERROR MATRIX ACCURATE 
  EXT PARAMETER                                   STEP         FIRST   
  NO.   NAME      VALUE            ERROR          SIZE      DERIVATIVE 
   1  p0           9.80832e+00   6.42551e-02   2.21615e-05  -2.03788e-02
   2  p1           3.14159e+00     fixed    
   3  p2          -3.79688e-02   3.94203e-02   1.35947e-05   2.09085e-02
