This is pdfTeX, Version 3.14159265-2.6-1.40.19 (TeX Live 2018) (preloaded format=pdflatex 2020.12.5)  5 FEB 2021 12:31
entering extended mode
 restricted \write18 enabled.
 file:line:error style messages enabled.
 %&-line parsing enabled.
**/Users/mattia/Desktop/Lab_C03/esperienza_4_Pendolo/relazione/esperienza4_C03_2020_12_22.tex
(/Users/mattia/Desktop/Lab_C03/esperienza_4_Pendolo/relazione/esperienza4_C03_2020_12_22.tex
LaTeX2e <2018-04-01> patch level 2
Babel <3.18> and hyphenation patterns for 84 language(s) loaded.
(/Users/mattia/Desktop/Lab_C03/esperienza_4_Pendolo/relazione/../../style/lab_unige.cls

LaTeX Warning: You have requested document class `../../style/lab_unige',
               but the document class provides `lab_unige'.

Document Class: lab_unige 
(/usr/local/texlive/2018/texmf-dist/tex/latex/caption/caption.sty
Package: caption 2016/02/21 v3.3-144 Customizing captions (AR)
 (/usr/local/texlive/2018/texmf-dist/tex/latex/caption/caption3.sty
Package: caption3 2016/05/22 v1.7-166 caption3 kernel (AR)
Package caption3 Info: TeX engine: e-TeX on input line 67.
 (/usr/local/texlive/2018/texmf-dist/tex/latex/graphics/keyval.sty
Package: keyval 2014/10/28 v1.15 key=value parser (DPC)
\KV@toks@=\toks14
)
\captionmargin=\dimen102
\captionmargin@=\dimen103
\captionwidth=\dimen104
\caption@tempdima=\dimen105
\caption@indent=\dimen106
\caption@parindent=\dimen107
\caption@hangindent=\dimen108
\abovecaptionskip=\skip41
\belowcaptionskip=\skip42
Package caption Info: Unknown document class (or package),
(caption)             standard defaults will be used.
)

Package caption Warning: Unsupported document class (or package) detected,
(caption)                usage of the caption package is not recommended.
See the caption package documentation for explanation.

Package caption Info: \@makecaption = undefined.
\c@ContinuedFloat=\count80
) (/usr/local/texlive/2018/texmf-dist/tex/latex/base/size10.clo
File: size10.clo 2014/09/29 v1.4h Standard LaTeX file (size option)
)
\c@part=\count81
\c@section=\count82
\c@subsection=\count83
\c@subsubsection=\count84
\c@paragraph=\count85
\c@subparagraph=\count86
\c@figure=\count87
\c@table=\count88
\bibindent=\dimen109
) (/usr/local/texlive/2018/texmf-dist/tex/latex/base/inputenc.sty
Package: inputenc 2018/04/06 v1.3b Input encoding file
\inpenc@prehook=\toks15
\inpenc@posthook=\toks16
) (/usr/local/texlive/2018/texmf-dist/tex/latex/base/fontenc.sty
Package: fontenc 2017/04/05 v2.0i Standard LaTeX package
 (/usr/local/texlive/2018/texmf-dist/tex/latex/base/t1enc.def
File: t1enc.def 2017/04/05 v2.0i Standard LaTeX file
LaTeX Font Info:    Redeclaring font encoding T1 on input line 48.
)) (/usr/local/texlive/2018/texmf-dist/tex/generic/babel/babel.sty
Package: babel 2018/02/14 3.18 The Babel package
 (/usr/local/texlive/2018/texmf-dist/tex/generic/babel/switch.def
File: switch.def 2018/02/14 3.18 Babel switching mechanism
) (/usr/local/texlive/2018/texmf-dist/tex/generic/babel-italian/italian.ldf
Language: italian 2015/03/26 v1.3n Italian support from the babel system
 (/usr/local/texlive/2018/texmf-dist/tex/generic/babel/babel.def
File: babel.def 2018/02/14 3.18 Babel common definitions
\babel@savecnt=\count89
\U@D=\dimen110
 (/usr/local/texlive/2018/texmf-dist/tex/generic/babel/txtbabel.def)
\bbl@dirlevel=\count90
)
\it@lettering=\count91
\it@doublequoteactive=\count92
\it@ISOcompliance=\count93
)) (/usr/local/texlive/2018/texmf-dist/tex/latex/etoolbox/etoolbox.sty
Package: etoolbox 2018/02/11 v2.5e e-TeX tools for LaTeX (JAW)
\etb@tempcnta=\count94
) (/usr/local/texlive/2018/texmf-dist/tex/latex/hyperref/hyperref.sty
Package: hyperref 2018/02/06 v6.86b Hypertext links for LaTeX
 (/usr/local/texlive/2018/texmf-dist/tex/generic/oberdiek/hobsub-hyperref.sty
Package: hobsub-hyperref 2016/05/16 v1.14 Bundle oberdiek, subset hyperref (HO)
 (/usr/local/texlive/2018/texmf-dist/tex/generic/oberdiek/hobsub-generic.sty
Package: hobsub-generic 2016/05/16 v1.14 Bundle oberdiek, subset generic (HO)
Package: hobsub 2016/05/16 v1.14 Construct package bundles (HO)
Package: infwarerr 2016/05/16 v1.4 Providing info/warning/error messages (HO)
Package: ltxcmds 2016/05/16 v1.23 LaTeX kernel commands for general use (HO)
Package: ifluatex 2016/05/16 v1.4 Provides the ifluatex switch (HO)
Package ifluatex Info: LuaTeX not detected.
Package: ifvtex 2016/05/16 v1.6 Detect VTeX and its facilities (HO)
Package ifvtex Info: VTeX not detected.
Package: intcalc 2016/05/16 v1.2 Expandable calculations with integers (HO)
Package: ifpdf 2017/03/15 v3.2 Provides the ifpdf switch
Package: etexcmds 2016/05/16 v1.6 Avoid name clashes with e-TeX commands (HO)
Package etexcmds Info: Could not find \expanded.
(etexcmds)             That can mean that you are not using pdfTeX 1.50 or
(etexcmds)             that some package has redefined \expanded.
(etexcmds)             In the latter case, load this package earlier.
Package: kvsetkeys 2016/05/16 v1.17 Key value parser (HO)
Package: kvdefinekeys 2016/05/16 v1.4 Define keys (HO)
Package: pdftexcmds 2018/01/30 v0.27 Utility functions of pdfTeX for LuaTeX (HO)
Package pdftexcmds Info: LuaTeX not detected.
Package pdftexcmds Info: \pdf@primitive is available.
Package pdftexcmds Info: \pdf@ifprimitive is available.
Package pdftexcmds Info: \pdfdraftmode found.
Package: pdfescape 2016/05/16 v1.14 Implements pdfTeX's escape features (HO)
Package: bigintcalc 2016/05/16 v1.4 Expandable calculations on big integers (HO)
Package: bitset 2016/05/16 v1.2 Handle bit-vector datatype (HO)
Package: uniquecounter 2016/05/16 v1.3 Provide unlimited unique counter (HO)
)
Package hobsub Info: Skipping package `hobsub' (already loaded).
Package: letltxmacro 2016/05/16 v1.5 Let assignment for LaTeX macros (HO)
Package: hopatch 2016/05/16 v1.3 Wrapper for package hooks (HO)
Package: xcolor-patch 2016/05/16 xcolor patch
Package: atveryend 2016/05/16 v1.9 Hooks at the very end of document (HO)
Package: atbegshi 2016/06/09 v1.18 At begin shipout hook (HO)
Package: refcount 2016/05/16 v3.5 Data extraction from label references (HO)
Package: hycolor 2016/05/16 v1.8 Color options for hyperref/bookmark (HO)
) (/usr/local/texlive/2018/texmf-dist/tex/generic/ifxetex/ifxetex.sty
Package: ifxetex 2010/09/12 v0.6 Provides ifxetex conditional
) (/usr/local/texlive/2018/texmf-dist/tex/latex/oberdiek/auxhook.sty
Package: auxhook 2016/05/16 v1.4 Hooks for auxiliary files (HO)
) (/usr/local/texlive/2018/texmf-dist/tex/latex/oberdiek/kvoptions.sty
Package: kvoptions 2016/05/16 v3.12 Key value format for package options (HO)
)
\@linkdim=\dimen111
\Hy@linkcounter=\count95
\Hy@pagecounter=\count96
 (/usr/local/texlive/2018/texmf-dist/tex/latex/hyperref/pd1enc.def
File: pd1enc.def 2018/02/06 v6.86b Hyperref: PDFDocEncoding definition (HO)
Now handling font encoding PD1 ...
... no UTF-8 mapping file for font encoding PD1
)
\Hy@SavedSpaceFactor=\count97
 (/usr/local/texlive/2018/texmf-dist/tex/latex/latexconfig/hyperref.cfg
File: hyperref.cfg 2002/06/06 v1.2 hyperref configuration of TeXLive
)
Package hyperref Info: Option `bookmarksopen' set `true' on input line 4383.
Package hyperref Info: Hyper figures OFF on input line 4509.
Package hyperref Info: Link nesting OFF on input line 4514.
Package hyperref Info: Hyper index ON on input line 4517.
Package hyperref Info: Plain pages OFF on input line 4524.
Package hyperref Info: Backreferencing OFF on input line 4529.
Package hyperref Info: Implicit mode ON; LaTeX internals redefined.
Package hyperref Info: Bookmarks ON on input line 4762.
\c@Hy@tempcnt=\count98
 (/usr/local/texlive/2018/texmf-dist/tex/latex/url/url.sty
\Urlmuskip=\muskip10
Package: url 2013/09/16  ver 3.4  Verb mode for urls, etc.
)
LaTeX Info: Redefining \url on input line 5115.
\XeTeXLinkMargin=\dimen112
\Fld@menulength=\count99
\Field@Width=\dimen113
\Fld@charsize=\dimen114
Package hyperref Info: Hyper figures OFF on input line 6369.
Package hyperref Info: Link nesting OFF on input line 6374.
Package hyperref Info: Hyper index ON on input line 6377.
Package hyperref Info: backreferencing OFF on input line 6384.
Package hyperref Info: Link coloring OFF on input line 6389.
Package hyperref Info: Link coloring with OCG OFF on input line 6394.
Package hyperref Info: PDF/A mode OFF on input line 6399.
LaTeX Info: Redefining \ref on input line 6439.
LaTeX Info: Redefining \pageref on input line 6443.
\Hy@abspage=\count100
\c@Item=\count101
\c@Hfootnote=\count102
)
Package hyperref Info: Driver (autodetected): hpdftex.
 (/usr/local/texlive/2018/texmf-dist/tex/latex/hyperref/hpdftex.def
File: hpdftex.def 2018/02/06 v6.86b Hyperref driver for pdfTeX
\Fld@listcount=\count103
\c@bookmark@seq@number=\count104
 (/usr/local/texlive/2018/texmf-dist/tex/latex/oberdiek/rerunfilecheck.sty
Package: rerunfilecheck 2016/05/16 v1.8 Rerun checks for auxiliary files (HO)
Package uniquecounter Info: New unique counter `rerunfilecheck' on input line 282.
)
\Hy@SectionHShift=\skip43
) (/usr/local/texlive/2018/texmf-dist/tex/latex/oberdiek/bookmark.sty
Package: bookmark 2016/05/17 v1.26 PDF bookmarks (HO)
 (/usr/local/texlive/2018/texmf-dist/tex/latex/oberdiek/bkm-pdftex.def
File: bkm-pdftex.def 2016/05/17 v1.26 bookmark driver for pdfTeX (HO)
\BKM@id=\count105
)) (/usr/local/texlive/2018/texmf-dist/tex/latex/graphics/graphicx.sty
Package: graphicx 2017/06/01 v1.1a Enhanced LaTeX Graphics (DPC,SPQR)
 (/usr/local/texlive/2018/texmf-dist/tex/latex/graphics/graphics.sty
Package: graphics 2017/06/25 v1.2c Standard LaTeX Graphics (DPC,SPQR)
 (/usr/local/texlive/2018/texmf-dist/tex/latex/graphics/trig.sty
Package: trig 2016/01/03 v1.10 sin cos tan (DPC)
) (/usr/local/texlive/2018/texmf-dist/tex/latex/graphics-cfg/graphics.cfg
File: graphics.cfg 2016/06/04 v1.11 sample graphics configuration
)
Package graphics Info: Driver file: pdftex.def on input line 99.
 (/usr/local/texlive/2018/texmf-dist/tex/latex/graphics-def/pdftex.def
File: pdftex.def 2018/01/08 v1.0l Graphics/color driver for pdftex
))
\Gin@req@height=\dimen115
\Gin@req@width=\dimen116
) (/usr/local/texlive/2018/texmf-dist/tex/latex/tools/array.sty
Package: array 2018/04/07 v2.4g Tabular extension package (FMi)
\col@sep=\dimen117
\ar@mcellbox=\box26
\extrarowheight=\dimen118
\NC@list=\toks17
\extratabsurround=\skip44
\backup@length=\skip45
\ar@cellbox=\box27
) (/usr/local/texlive/2018/texmf-dist/tex/latex/tabulary/tabulary.sty
Package: tabulary 2014/06/11 v0.10 tabulary package (DPC)
\TY@count=\count106
\TY@linewidth=\dimen119
\tymin=\dimen120
\tymax=\dimen121
\TY@tablewidth=\dimen122
) (/usr/local/texlive/2018/texmf-dist/tex/latex/booktabs/booktabs.sty
Package: booktabs 2016/04/27 v1.618033 publication quality tables
\heavyrulewidth=\dimen123
\lightrulewidth=\dimen124
\cmidrulewidth=\dimen125
\belowrulesep=\dimen126
\belowbottomsep=\dimen127
\aboverulesep=\dimen128
\abovetopsep=\dimen129
\cmidrulesep=\dimen130
\cmidrulekern=\dimen131
\defaultaddspace=\dimen132
\@cmidla=\count107
\@cmidlb=\count108
\@aboverulesep=\dimen133
\@belowrulesep=\dimen134
\@thisruleclass=\count109
\@lastruleclass=\count110
\@thisrulewidth=\dimen135
) (/Users/mattia/Desktop/Lab_C03/esperienza_4_Pendolo/relazione/../../style/custom.sty) (/usr/local/texlive/2018/texmf-dist/tex/latex/physics/physics.sty
Package: physics 
 (/usr/local/texlive/2018/texmf-dist/tex/latex/l3packages/xparse/xparse.sty (/usr/local/texlive/2018/texmf-dist/tex/latex/l3kernel/expl3.sty
Package: expl3 2018/03/05 L3 programming layer (loader) 
 (/usr/local/texlive/2018/texmf-dist/tex/latex/l3kernel/expl3-code.tex
Package: expl3 2018/03/05 L3 programming layer (code)
\c_max_int=\count111
\l_tmpa_int=\count112
\l_tmpb_int=\count113
\g_tmpa_int=\count114
\g_tmpb_int=\count115
\g__intarray_font_int=\count116
\g__prg_map_int=\count117
\c_log_iow=\count118
\l_iow_line_count_int=\count119
\l__iow_line_target_int=\count120
\l__iow_one_indent_int=\count121
\l__iow_indent_int=\count122
\c_zero_dim=\dimen136
\c_max_dim=\dimen137
\l_tmpa_dim=\dimen138
\l_tmpb_dim=\dimen139
\g_tmpa_dim=\dimen140
\g_tmpb_dim=\dimen141
\c_zero_skip=\skip46
\c_max_skip=\skip47
\l_tmpa_skip=\skip48
\l_tmpb_skip=\skip49
\g_tmpa_skip=\skip50
\g_tmpb_skip=\skip51
\c_zero_muskip=\muskip11
\c_max_muskip=\muskip12
\l_tmpa_muskip=\muskip13
\l_tmpb_muskip=\muskip14
\g_tmpa_muskip=\muskip15
\g_tmpb_muskip=\muskip16
\l_keys_choice_int=\count123
\c__fp_leading_shift_int=\count124
\c__fp_middle_shift_int=\count125
\c__fp_trailing_shift_int=\count126
\c__fp_big_leading_shift_int=\count127
\c__fp_big_middle_shift_int=\count128
\c__fp_big_trailing_shift_int=\count129
\c__fp_Bigg_leading_shift_int=\count130
\c__fp_Bigg_middle_shift_int=\count131
\c__fp_Bigg_trailing_shift_int=\count132
\c__fp_rand_size_int=\count133
\c__fp_rand_four_int=\count134
\c__fp_rand_eight_int=\count135
\l__sort_length_int=\count136
\l__sort_min_int=\count137
\l__sort_top_int=\count138
\l__sort_max_int=\count139
\l__sort_true_max_int=\count140
\l__sort_block_int=\count141
\l__sort_begin_int=\count142
\l__sort_end_int=\count143
\l__sort_A_int=\count144
\l__sort_B_int=\count145
\l__sort_C_int=\count146
\l__tl_build_start_index_int=\count147
\l__tl_build_index_int=\count148
\l__tl_analysis_normal_int=\count149
\l__tl_analysis_index_int=\count150
\l__tl_analysis_nesting_int=\count151
\l__tl_analysis_type_int=\count152
\l__regex_internal_a_int=\count153
\l__regex_internal_b_int=\count154
\l__regex_internal_c_int=\count155
\l__regex_balance_int=\count156
\l__regex_group_level_int=\count157
\l__regex_mode_int=\count158
\c__regex_cs_in_class_mode_int=\count159
\c__regex_cs_mode_int=\count160
\l__regex_catcodes_int=\count161
\l__regex_default_catcodes_int=\count162
\c__regex_catcode_D_int=\count163
\c__regex_catcode_S_int=\count164
\c__regex_catcode_L_int=\count165
\c__regex_catcode_O_int=\count166
\c__regex_catcode_A_int=\count167
\c__regex_all_catcodes_int=\count168
\l__regex_show_lines_int=\count169
\l__regex_min_state_int=\count170
\l__regex_max_state_int=\count171
\l__regex_left_state_int=\count172
\l__regex_right_state_int=\count173
\l__regex_capturing_group_int=\count174
\l__regex_min_pos_int=\count175
\l__regex_max_pos_int=\count176
\l__regex_curr_pos_int=\count177
\l__regex_start_pos_int=\count178
\l__regex_success_pos_int=\count179
\l__regex_curr_char_int=\count180
\l__regex_curr_catcode_int=\count181
\l__regex_last_char_int=\count182
\l__regex_case_changed_char_int=\count183
\l__regex_curr_state_int=\count184
\l__regex_step_int=\count185
\l__regex_min_active_int=\count186
\l__regex_max_active_int=\count187
\l__regex_replacement_csnames_int=\count188
\l__regex_match_count_int=\count189
\l__regex_min_submatch_int=\count190
\l__regex_submatch_int=\count191
\l__regex_zeroth_submatch_int=\count192
\g__regex_trace_regex_int=\count193
\c_empty_box=\box28
\l_tmpa_box=\box29
\l_tmpb_box=\box30
\g_tmpa_box=\box31
\g_tmpb_box=\box32
\l__box_top_dim=\dimen142
\l__box_bottom_dim=\dimen143
\l__box_left_dim=\dimen144
\l__box_right_dim=\dimen145
\l__box_top_new_dim=\dimen146
\l__box_bottom_new_dim=\dimen147
\l__box_left_new_dim=\dimen148
\l__box_right_new_dim=\dimen149
\l__box_internal_box=\box33
\l__coffin_internal_box=\box34
\l__coffin_internal_dim=\dimen150
\l__coffin_offset_x_dim=\dimen151
\l__coffin_offset_y_dim=\dimen152
\l__coffin_x_dim=\dimen153
\l__coffin_y_dim=\dimen154
\l__coffin_x_prime_dim=\dimen155
\l__coffin_y_prime_dim=\dimen156
\c_empty_coffin=\box35
\l__coffin_aligned_coffin=\box36
\l__coffin_aligned_internal_coffin=\box37
\l_tmpa_coffin=\box38
\l_tmpb_coffin=\box39
\l__coffin_display_coffin=\box40
\l__coffin_display_coord_coffin=\box41
\l__coffin_display_pole_coffin=\box42
\l__coffin_display_offset_dim=\dimen157
\l__coffin_display_x_dim=\dimen158
\l__coffin_display_y_dim=\dimen159
\l__coffin_bounding_shift_dim=\dimen160
\l__coffin_left_corner_dim=\dimen161
\l__coffin_right_corner_dim=\dimen162
\l__coffin_bottom_corner_dim=\dimen163
\l__coffin_top_corner_dim=\dimen164
\l__coffin_scaled_total_height_dim=\dimen165
\l__coffin_scaled_width_dim=\dimen166
) (/usr/local/texlive/2018/texmf-dist/tex/latex/l3kernel/l3pdfmode.def
File: l3pdfmode.def 2017/03/18 v L3 Experimental driver: PDF mode
\l__driver_color_stack_int=\count194
))
Package: xparse 2018/02/21 L3 Experimental document command parser
\l__xparse_current_arg_int=\count195
\g__xparse_grabber_int=\count196
\l__xparse_m_args_int=\count197
\l__xparse_mandatory_args_int=\count198
\l__xparse_v_nesting_int=\count199
) (/usr/local/texlive/2018/texmf-dist/tex/latex/amsmath/amsmath.sty
Package: amsmath 2017/09/02 v2.17a AMS math features
\@mathmargin=\skip52

For additional information on amsmath, use the `?' option.
(/usr/local/texlive/2018/texmf-dist/tex/latex/amsmath/amstext.sty
Package: amstext 2000/06/29 v2.01 AMS text
 (/usr/local/texlive/2018/texmf-dist/tex/latex/amsmath/amsgen.sty
File: amsgen.sty 1999/11/30 v2.0 generic functions
\@emptytoks=\toks18
\ex@=\dimen167
)) (/usr/local/texlive/2018/texmf-dist/tex/latex/amsmath/amsbsy.sty
Package: amsbsy 1999/11/29 v1.2d Bold Symbols
\pmbraise@=\dimen168
) (/usr/local/texlive/2018/texmf-dist/tex/latex/amsmath/amsopn.sty
Package: amsopn 2016/03/08 v2.02 operator names
)
\inf@bad=\count266
LaTeX Info: Redefining \frac on input line 213.
\uproot@=\count267
\leftroot@=\count268
LaTeX Info: Redefining \overline on input line 375.
\classnum@=\count269
\DOTSCASE@=\count270
LaTeX Info: Redefining \ldots on input line 472.
LaTeX Info: Redefining \dots on input line 475.
LaTeX Info: Redefining \cdots on input line 596.
\Mathstrutbox@=\box43
\strutbox@=\box44
\big@size=\dimen169
LaTeX Font Info:    Redeclaring font encoding OML on input line 712.
LaTeX Font Info:    Redeclaring font encoding OMS on input line 713.
\macc@depth=\count271
\c@MaxMatrixCols=\count272
\dotsspace@=\muskip17
\c@parentequation=\count273
\dspbrk@lvl=\count274
\tag@help=\toks19
\row@=\count275
\column@=\count276
\maxfields@=\count277
\andhelp@=\toks20
\eqnshift@=\dimen170
\alignsep@=\dimen171
\tagshift@=\dimen172
\tagwidth@=\dimen173
\totwidth@=\dimen174
\lineht@=\dimen175
\@envbody=\toks21
\multlinegap=\skip53
\multlinetaggap=\skip54
\mathdisplay@stack=\toks22
LaTeX Info: Redefining \[ on input line 2817.
LaTeX Info: Redefining \] on input line 2818.
)
.................................................
. LaTeX info: "xparse/define-command"
. 
. Defining command \vnabla with sig. '' on line 25.
.................................................
.................................................
. LaTeX info: "xparse/define-command"
. 
. Defining command \varE with sig. '' on line 29.
.................................................
.................................................
. LaTeX info: "xparse/define-command"
. 
. Defining command \ordersymbol with sig. '' on line 30.
.................................................
.................................................
. LaTeX info: "xparse/define-command"
. 
. Defining command \lparen with sig. '' on line 31.
.................................................
.................................................
. LaTeX info: "xparse/define-command"
. 
. Defining command \rparen with sig. '' on line 32.
.................................................
.................................................
. LaTeX info: "xparse/define-command"
. 
. Defining command \quantity with sig. '' on line 35.
.................................................
.................................................
. LaTeX info: "xparse/define-command"
. 
. Defining command \@quantity with sig. ' t\big t\Big t\bigg t\Bigg g o d()
. d|| ' on line 62.
.................................................

*************************************************
* LaTeX warning: "xparse/not-single-char"
* 
* Argument delimiter '\big ' for the command '\@quantity' should be a single
* character.
*************************************************
*************************************************
* LaTeX warning: "xparse/not-single-char"
* 
* Argument delimiter '\Big ' for the command '\@quantity' should be a single
* character.
*************************************************
*************************************************
* LaTeX warning: "xparse/not-single-char"
* 
* Argument delimiter '\bigg ' for the command '\@quantity' should be a single
* character.
*************************************************
*************************************************
* LaTeX warning: "xparse/not-single-char"
* 
* Argument delimiter '\Bigg ' for the command '\@quantity' should be a single
* character.
*************************************************
.................................................
. LaTeX info: "xparse/define-command"
. 
. Defining command \qty with sig. '' on line 63.
.................................................
.................................................
. LaTeX info: "xparse/define-command"
. 
. Defining command \pqty with sig. ' l m ' on line 64.
.................................................
.................................................
. LaTeX info: "xparse/define-command"
. 
. Defining command \bqty with sig. ' l m ' on line 65.
.................................................
.................................................
. LaTeX info: "xparse/define-command"
. 
. Defining command \Bqty with sig. ' l m ' on line 66.
.................................................
.................................................
. LaTeX info: "xparse/define-command"
. 
. Defining command \vqty with sig. ' l m ' on line 67.
.................................................
.................................................
. LaTeX info: "xparse/define-command"
. 
. Defining command \pmqty with sig. 'm' on line 70.
.................................................
.................................................
. LaTeX info: "xparse/define-command"
. 
. Defining command \Pmqty with sig. 'm' on line 71.
.................................................
.................................................
. LaTeX info: "xparse/define-command"
. 
. Defining command \bmqty with sig. 'm' on line 72.
.................................................
.................................................
. LaTeX info: "xparse/define-command"
. 
. Defining command \vmqty with sig. 'm' on line 73.
.................................................
.................................................
. LaTeX info: "xparse/define-command"
. 
. Defining command \matrixquantity with sig. '' on line 74.
.................................................
.................................................
. LaTeX info: "xparse/define-command"
. 
. Defining command \@matrixquantity with sig. ' s g o d() d|| ' on line 100.
.................................................
.................................................
. LaTeX info: "xparse/define-command"
. 
. Defining command \mqty with sig. '' on line 101.
.................................................
.................................................
. LaTeX info: "xparse/define-command"
. 
. Defining command \matrixdeterminant with sig. 'm' on line 102.
.................................................
.................................................
. LaTeX info: "xparse/define-command"
. 
. Defining command \mdet with sig. '' on line 103.
.................................................
.................................................
. LaTeX info: "xparse/define-command"
. 
. Defining command \spmqty with sig. 'm' on line 105.
.................................................
.................................................
. LaTeX info: "xparse/define-command"
. 
. Defining command \sPmqty with sig. 'm' on line 106.
.................................................
.................................................
. LaTeX info: "xparse/define-command"
. 
. Defining command \sbmqty with sig. 'm' on line 107.
.................................................
.................................................
. LaTeX info: "xparse/define-command"
. 
. Defining command \svmqty with sig. 'm' on line 108.
.................................................
.................................................
. LaTeX info: "xparse/define-command"
. 
. Defining command \smallmatrixquantity with sig. ' s g o d() d|| ' on line
. 133.
.................................................
.................................................
. LaTeX info: "xparse/define-command"
. 
. Defining command \smqty with sig. '' on line 134.
.................................................
.................................................
. LaTeX info: "xparse/define-command"
. 
. Defining command \smallmatrixdeterminant with sig. 'm' on line 135.
.................................................
.................................................
. LaTeX info: "xparse/define-command"
. 
. Defining command \smdet with sig. '' on line 136.
.................................................
.................................................
. LaTeX info: "xparse/define-command"
. 
. Defining command \argopen with sig. 's' on line 138.
.................................................
.................................................
. LaTeX info: "xparse/define-command"
. 
. Defining command \argclose with sig. 's' on line 139.
.................................................
.................................................
. LaTeX info: "xparse/define-command"
. 
. Defining command \braces with sig. '' on line 141.
.................................................
.................................................
. LaTeX info: "xparse/define-command"
. 
. Defining command \@braces with sig. ' s t\big t\Big t\bigg t\Bigg m m m ' on
. line 156.
.................................................
*************************************************
* LaTeX warning: "xparse/not-single-char"
* 
* Argument delimiter '\big ' for the command '\@braces' should be a single
* character.
*************************************************
*************************************************
* LaTeX warning: "xparse/not-single-char"
* 
* Argument delimiter '\Big ' for the command '\@braces' should be a single
* character.
*************************************************
*************************************************
* LaTeX warning: "xparse/not-single-char"
* 
* Argument delimiter '\bigg ' for the command '\@braces' should be a single
* character.
*************************************************
*************************************************
* LaTeX warning: "xparse/not-single-char"
* 
* Argument delimiter '\Bigg ' for the command '\@braces' should be a single
* character.
*************************************************
.................................................
. LaTeX info: "xparse/define-command"
. 
. Defining command \fbraces with sig. ' s t\big t\Big t\bigg t\Bigg m m m m '
. on line 174.
.................................................
*************************************************
* LaTeX warning: "xparse/not-single-char"
* 
* Argument delimiter '\big ' for the command '\fbraces' should be a single
* character.
*************************************************
*************************************************
* LaTeX warning: "xparse/not-single-char"
* 
* Argument delimiter '\Big ' for the command '\fbraces' should be a single
* character.
*************************************************
*************************************************
* LaTeX warning: "xparse/not-single-char"
* 
* Argument delimiter '\bigg ' for the command '\fbraces' should be a single
* character.
*************************************************
*************************************************
* LaTeX warning: "xparse/not-single-char"
* 
* Argument delimiter '\Bigg ' for the command '\fbraces' should be a single
* character.
*************************************************
.................................................
. LaTeX info: "xparse/define-command"
. 
. Defining command \absolutevalue with sig. ' l m ' on line 176.
.................................................
.................................................
. LaTeX info: "xparse/define-command"
. 
. Defining command \abs with sig. '' on line 177.
.................................................
.................................................
. LaTeX info: "xparse/define-command"
. 
. Defining command \norm with sig. ' l m ' on line 178.
.................................................
.................................................
. LaTeX info: "xparse/define-command"
. 
. Defining command \order with sig. ' l m ' on line 179.
.................................................
.................................................
. LaTeX info: "xparse/define-command"
. 
. Defining command \evaluated with sig. ' s g d[| d(| ' on line 194.
.................................................
.................................................
. LaTeX info: "xparse/define-command"
. 
. Defining command \eval with sig. '' on line 195.
.................................................
.................................................
. LaTeX info: "xparse/define-command"
. 
. Defining command \poissonbracket with sig. ' l m m ' on line 197.
.................................................
.................................................
. LaTeX info: "xparse/define-command"
. 
. Defining command \pb with sig. '' on line 198.
.................................................
.................................................
. LaTeX info: "xparse/define-command"
. 
. Defining command \commutator with sig. ' l m m ' on line 201.
.................................................
.................................................
. LaTeX info: "xparse/define-command"
. 
. Defining command \comm with sig. '' on line 202.
.................................................
.................................................
. LaTeX info: "xparse/define-command"
. 
. Defining command \anticommutator with sig. ' l m m ' on line 203.
.................................................
.................................................
. LaTeX info: "xparse/define-command"
. 
. Defining command \acommutator with sig. '' on line 204.
.................................................
.................................................
. LaTeX info: "xparse/define-command"
. 
. Defining command \acomm with sig. '' on line 205.
.................................................
.................................................
. LaTeX info: "xparse/define-command"
. 
. Defining command \vectorbold with sig. ' s m ' on line 208.
.................................................
.................................................
. LaTeX info: "xparse/define-command"
. 
. Defining command \vb with sig. '' on line 209.
.................................................
.................................................
. LaTeX info: "xparse/define-command"
. 
. Defining command \vectorarrow with sig. ' s m ' on line 211.
.................................................
.................................................
. LaTeX info: "xparse/define-command"
. 
. Defining command \va with sig. '' on line 212.
.................................................
.................................................
. LaTeX info: "xparse/define-command"
. 
. Defining command \vectorunit with sig. ' s m ' on line 214.
.................................................
.................................................
. LaTeX info: "xparse/define-command"
. 
. Defining command \vu with sig. '' on line 215.
.................................................
.................................................
. LaTeX info: "xparse/define-command"
. 
. Defining command \dotproduct with sig. '' on line 217.
.................................................
.................................................
. LaTeX info: "xparse/define-command"
. 
. Defining command \vdot with sig. '' on line 218.
.................................................
.................................................
. LaTeX info: "xparse/define-command"
. 
. Defining command \crossproduct with sig. '' on line 220.
.................................................
.................................................
. LaTeX info: "xparse/define-command"
. 
. Defining command \cross with sig. '' on line 221.
.................................................
.................................................
. LaTeX info: "xparse/define-command"
. 
. Defining command \cp with sig. '' on line 222.
.................................................
.................................................
. LaTeX info: "xparse/define-command"
. 
. Defining command \gradient with sig. ' g o d() ' on line 232.
.................................................
.................................................
. LaTeX info: "xparse/define-command"
. 
. Defining command \grad with sig. '' on line 233.
.................................................
.................................................
. LaTeX info: "xparse/define-command"
. 
. Defining command \divergence with sig. ' g o d() ' on line 243.
.................................................
.................................................
. LaTeX info: "xparse/define-command"
. 
. Defining command \div with sig. '' on line 246.
.................................................
.................................................
. LaTeX info: "xparse/define-command"
. 
. Defining command \curl with sig. ' g o d() ' on line 256.
.................................................
.................................................
. LaTeX info: "xparse/define-command"
. 
. Defining command \laplacian with sig. ' g o d() ' on line 266.
.................................................
.................................................
. LaTeX info: "xparse/define-command"
. 
. Defining command \principalvalue with sig. 'g' on line 274.
.................................................
.................................................
. LaTeX info: "xparse/define-command"
. 
. Defining command \pv with sig. '' on line 275.
.................................................
.................................................
. LaTeX info: "xparse/define-command"
. 
. Defining command \PV with sig. 'g' on line 276.
.................................................
.................................................
. LaTeX info: "xparse/redefine-command"
. 
. Redefining command \Re with sig. 'g' on line 277.
.................................................
.................................................
. LaTeX info: "xparse/redefine-command"
. 
. Redefining command \Im with sig. 'g' on line 278.
.................................................
.................................................
. LaTeX info: "xparse/define-command"
. 
. Defining command \opbraces with sig. ' m g o d() ' on line 299.
.................................................
.................................................
. LaTeX info: "xparse/define-command"
. 
. Defining command \trigbraces with sig. ' m o d() ' on line 305.
.................................................
.................................................
. LaTeX info: "xparse/redefine-command"
. 
. Redefining command \sin with sig. '' on line 309.
.................................................
.................................................
. LaTeX info: "xparse/redefine-command"
. 
. Redefining command \cos with sig. '' on line 310.
.................................................
.................................................
. LaTeX info: "xparse/redefine-command"
. 
. Redefining command \tan with sig. '' on line 311.
.................................................
.................................................
. LaTeX info: "xparse/redefine-command"
. 
. Redefining command \csc with sig. '' on line 312.
.................................................
.................................................
. LaTeX info: "xparse/redefine-command"
. 
. Redefining command \sec with sig. '' on line 313.
.................................................
.................................................
. LaTeX info: "xparse/redefine-command"
. 
. Redefining command \cot with sig. '' on line 314.
.................................................
.................................................
. LaTeX info: "xparse/redefine-command"
. 
. Redefining command \arcsin with sig. '' on line 316.
.................................................
.................................................
. LaTeX info: "xparse/redefine-command"
. 
. Redefining command \arccos with sig. '' on line 317.
.................................................
.................................................
. LaTeX info: "xparse/redefine-command"
. 
. Redefining command \arctan with sig. '' on line 318.
.................................................
.................................................
. LaTeX info: "xparse/define-command"
. 
. Defining command \arccsc with sig. '' on line 320.
.................................................
.................................................
. LaTeX info: "xparse/define-command"
. 
. Defining command \arcsec with sig. '' on line 322.
.................................................
.................................................
. LaTeX info: "xparse/define-command"
. 
. Defining command \arccot with sig. '' on line 324.
.................................................
.................................................
. LaTeX info: "xparse/define-command"
. 
. Defining command \asin with sig. '' on line 327.
.................................................
.................................................
. LaTeX info: "xparse/define-command"
. 
. Defining command \acos with sig. '' on line 329.
.................................................
.................................................
. LaTeX info: "xparse/define-command"
. 
. Defining command \atan with sig. '' on line 331.
.................................................
.................................................
. LaTeX info: "xparse/define-command"
. 
. Defining command \acsc with sig. '' on line 333.
.................................................
.................................................
. LaTeX info: "xparse/define-command"
. 
. Defining command \asec with sig. '' on line 335.
.................................................
.................................................
. LaTeX info: "xparse/define-command"
. 
. Defining command \acot with sig. '' on line 337.
.................................................
.................................................
. LaTeX info: "xparse/redefine-command"
. 
. Redefining command \sinh with sig. '' on line 339.
.................................................
.................................................
. LaTeX info: "xparse/redefine-command"
. 
. Redefining command \cosh with sig. '' on line 340.
.................................................
.................................................
. LaTeX info: "xparse/redefine-command"
. 
. Redefining command \tanh with sig. '' on line 341.
.................................................
.................................................
. LaTeX info: "xparse/define-command"
. 
. Defining command \csch with sig. '' on line 343.
.................................................
.................................................
. LaTeX info: "xparse/define-command"
. 
. Defining command \sech with sig. '' on line 345.
.................................................
.................................................
. LaTeX info: "xparse/redefine-command"
. 
. Redefining command \coth with sig. '' on line 346.
.................................................
.................................................
. LaTeX info: "xparse/redefine-command"
. 
. Redefining command \exp with sig. '' on line 348.
.................................................
.................................................
. LaTeX info: "xparse/redefine-command"
. 
. Redefining command \log with sig. '' on line 349.
.................................................
.................................................
. LaTeX info: "xparse/redefine-command"
. 
. Redefining command \ln with sig. '' on line 350.
.................................................
.................................................
. LaTeX info: "xparse/redefine-command"
. 
. Redefining command \det with sig. '' on line 351.
.................................................
.................................................
. LaTeX info: "xparse/redefine-command"
. 
. Redefining command \Pr with sig. '' on line 352.
.................................................
.................................................
. LaTeX info: "xparse/define-command"
. 
. Defining command \tr with sig. '' on line 353.
.................................................
.................................................
. LaTeX info: "xparse/define-command"
. 
. Defining command \Tr with sig. '' on line 354.
.................................................
.................................................
. LaTeX info: "xparse/define-command"
. 
. Defining command \Res with sig. '' on line 355.
.................................................
.................................................
. LaTeX info: "xparse/define-command"
. 
. Defining command \qqtext with sig. ' s m ' on line 377.
.................................................
.................................................
. LaTeX info: "xparse/define-command"
. 
. Defining command \qq with sig. '' on line 378.
.................................................
.................................................
. LaTeX info: "xparse/define-command"
. 
. Defining command \qcomma with sig. '' on line 380.
.................................................
.................................................
. LaTeX info: "xparse/define-command"
. 
. Defining command \qc with sig. '' on line 381.
.................................................
.................................................
. LaTeX info: "xparse/define-command"
. 
. Defining command \qif with sig. 's' on line 383.
.................................................
.................................................
. LaTeX info: "xparse/define-command"
. 
. Defining command \qthen with sig. 's' on line 384.
.................................................
.................................................
. LaTeX info: "xparse/define-command"
. 
. Defining command \qelse with sig. 's' on line 385.
.................................................
.................................................
. LaTeX info: "xparse/define-command"
. 
. Defining command \qotherwise with sig. 's' on line 386.
.................................................
.................................................
. LaTeX info: "xparse/define-command"
. 
. Defining command \qunless with sig. 's' on line 387.
.................................................
.................................................
. LaTeX info: "xparse/define-command"
. 
. Defining command \qgiven with sig. 's' on line 388.
.................................................
.................................................
. LaTeX info: "xparse/define-command"
. 
. Defining command \qusing with sig. 's' on line 389.
.................................................
.................................................
. LaTeX info: "xparse/define-command"
. 
. Defining command \qassume with sig. 's' on line 390.
.................................................
.................................................
. LaTeX info: "xparse/define-command"
. 
. Defining command \qsince with sig. 's' on line 391.
.................................................
.................................................
. LaTeX info: "xparse/define-command"
. 
. Defining command \qlet with sig. 's' on line 392.
.................................................
.................................................
. LaTeX info: "xparse/define-command"
. 
. Defining command \qfor with sig. 's' on line 393.
.................................................
.................................................
. LaTeX info: "xparse/define-command"
. 
. Defining command \qall with sig. 's' on line 394.
.................................................
.................................................
. LaTeX info: "xparse/define-command"
. 
. Defining command \qeven with sig. 's' on line 395.
.................................................
.................................................
. LaTeX info: "xparse/define-command"
. 
. Defining command \qodd with sig. 's' on line 396.
.................................................
.................................................
. LaTeX info: "xparse/define-command"
. 
. Defining command \qinteger with sig. 's' on line 397.
.................................................
.................................................
. LaTeX info: "xparse/define-command"
. 
. Defining command \qand with sig. 's' on line 398.
.................................................
.................................................
. LaTeX info: "xparse/define-command"
. 
. Defining command \qor with sig. 's' on line 399.
.................................................
.................................................
. LaTeX info: "xparse/define-command"
. 
. Defining command \qas with sig. 's' on line 400.
.................................................
.................................................
. LaTeX info: "xparse/define-command"
. 
. Defining command \qin with sig. 's' on line 401.
.................................................
.................................................
. LaTeX info: "xparse/define-command"
. 
. Defining command \qcc with sig. 's' on line 402.
.................................................
.................................................
. LaTeX info: "xparse/define-command"
. 
. Defining command \differential with sig. ' o g d() ' on line 415.
.................................................
.................................................
. LaTeX info: "xparse/define-command"
. 
. Defining command \dd with sig. '' on line 416.
.................................................
.................................................
. LaTeX info: "xparse/define-command"
. 
. Defining command \derivative with sig. ' s o m g d() ' on line 435.
.................................................
.................................................
. LaTeX info: "xparse/define-command"
. 
. Defining command \dv with sig. '' on line 436.
.................................................
.................................................
. LaTeX info: "xparse/define-command"
. 
. Defining command \partialderivative with sig. ' s o m g g d() ' on line 460.
.................................................
.................................................
. LaTeX info: "xparse/define-command"
. 
. Defining command \pderivative with sig. '' on line 461.
.................................................
.................................................
. LaTeX info: "xparse/define-command"
. 
. Defining command \pdv with sig. '' on line 462.
.................................................
.................................................
. LaTeX info: "xparse/define-command"
. 
. Defining command \variation with sig. ' o g d() ' on line 474.
.................................................
.................................................
. LaTeX info: "xparse/define-command"
. 
. Defining command \var with sig. '' on line 475.
.................................................
.................................................
. LaTeX info: "xparse/define-command"
. 
. Defining command \functionalderivative with sig. ' s o m g d() ' on line
. 494.
.................................................
.................................................
. LaTeX info: "xparse/define-command"
. 
. Defining command \fderivative with sig. '' on line 495.
.................................................
.................................................
. LaTeX info: "xparse/define-command"
. 
. Defining command \fdv with sig. '' on line 496.
.................................................
.................................................
. LaTeX info: "xparse/define-command"
. 
. Defining command \bra with sig. ' s m t\ket s g ' on line 526.
.................................................
*************************************************
* LaTeX warning: "xparse/not-single-char"
* 
* Argument delimiter '\ket ' for the command '\bra' should be a single
* character.
*************************************************
.................................................
. LaTeX info: "xparse/define-command"
. 
. Defining command \ket with sig. ' s m ' on line 533.
.................................................
.................................................
. LaTeX info: "xparse/define-command"
. 
. Defining command \innerproduct with sig. ' s m g ' on line 548.
.................................................
.................................................
. LaTeX info: "xparse/define-command"
. 
. Defining command \braket with sig. '' on line 549.
.................................................
.................................................
. LaTeX info: "xparse/define-command"
. 
. Defining command \ip with sig. '' on line 550.
.................................................
.................................................
. LaTeX info: "xparse/define-command"
. 
. Defining command \outerproduct with sig. ' s m g ' on line 565.
.................................................
.................................................
. LaTeX info: "xparse/define-command"
. 
. Defining command \dyad with sig. '' on line 566.
.................................................
.................................................
. LaTeX info: "xparse/define-command"
. 
. Defining command \op with sig. '' on line 567.
.................................................
.................................................
. LaTeX info: "xparse/define-command"
. 
. Defining command \ketbra with sig. '' on line 568.
.................................................
.................................................
. LaTeX info: "xparse/define-command"
. 
. Defining command \expectationvalue with sig. ' s s m g ' on line 587.
.................................................
.................................................
. LaTeX info: "xparse/define-command"
. 
. Defining command \expval with sig. '' on line 588.
.................................................
.................................................
. LaTeX info: "xparse/define-command"
. 
. Defining command \ev with sig. '' on line 589.
.................................................
.................................................
. LaTeX info: "xparse/define-command"
. 
. Defining command \vev with sig. ' m ' on line 590.
.................................................
.................................................
. LaTeX info: "xparse/define-command"
. 
. Defining command \matrixelement with sig. ' s s m m m ' on line 601.
.................................................
.................................................
. LaTeX info: "xparse/define-command"
. 
. Defining command \matrixel with sig. '' on line 602.
.................................................
.................................................
. LaTeX info: "xparse/define-command"
. 
. Defining command \mel with sig. '' on line 603.
.................................................
.................................................
. LaTeX info: "xparse/define-command"
. 
. Defining command \identitymatrix with sig. 'm' on line 633.
.................................................
.................................................
. LaTeX info: "xparse/define-command"
. 
. Defining command \imat with sig. '' on line 634.
.................................................
.................................................
. LaTeX info: "xparse/define-command"
. 
. Defining command \xmatrix with sig. ' s m m m ' on line 659.
.................................................
.................................................
. LaTeX info: "xparse/define-command"
. 
. Defining command \xmat with sig. '' on line 660.
.................................................
.................................................
. LaTeX info: "xparse/define-command"
. 
. Defining command \zeromatrix with sig. ' m g ' on line 662.
.................................................
.................................................
. LaTeX info: "xparse/define-command"
. 
. Defining command \zmat with sig. '' on line 663.
.................................................
.................................................
. LaTeX info: "xparse/define-command"
. 
. Defining command \paulixmatrix with sig. '' on line 665.
.................................................
.................................................
. LaTeX info: "xparse/define-command"
. 
. Defining command \pauliymatrix with sig. '' on line 666.
.................................................
.................................................
. LaTeX info: "xparse/define-command"
. 
. Defining command \paulizmatrix with sig. '' on line 667.
.................................................
.................................................
. LaTeX info: "xparse/define-command"
. 
. Defining command \paulimatrix with sig. 'm' on line 678.
.................................................
.................................................
. LaTeX info: "xparse/define-command"
. 
. Defining command \pmat with sig. '' on line 679.
.................................................
.................................................
. LaTeX info: "xparse/define-command"
. 
. Defining command \diagonalmatrix with sig. 'O{} >{\SplitList {,}}m ' on line
. 681.
.................................................
.................................................
. LaTeX info: "xparse/define-command"
. 
. Defining command \@dmat with sig. 'mmggggggg' on line 714.
.................................................
.................................................
. LaTeX info: "xparse/define-command"
. 
. Defining command \dmat with sig. '' on line 715.
.................................................
.................................................
. LaTeX info: "xparse/define-command"
. 
. Defining command \antidiagonalmatrix with sig. 'O{} >{\SplitList {,}}m ' on
. line 717.
.................................................
.................................................
. LaTeX info: "xparse/define-command"
. 
. Defining command \@admat with sig. 'mmggggggg' on line 750.
.................................................
.................................................
. LaTeX info: "xparse/define-command"
. 
. Defining command \admat with sig. '' on line 751.
.................................................
.................................................
. LaTeX info: "xparse/define-command"
. 
. Defining command \flatfrac with sig. ' m m ' on line 754.
.................................................
.................................................
. LaTeX info: "xparse/define-command"
. 
. Defining command \homework with sig. '' on line 764.
.................................................
) (/usr/local/texlive/2018/texmf-dist/tex/latex/breqn/breqn.sty
Package: breqn 2017/01/27 v0.98e Breaking equations
 (/usr/local/texlive/2018/texmf-dist/tex/latex/breqn/flexisym.sty
Package: flexisym 2017/01/27 v0.98e Make math characters macros
LaTeX Info: Redefining \textprime on input line 300.
LaTeX Info: Redefining \not on input line 358.
 (/usr/local/texlive/2018/texmf-dist/tex/latex/breqn/cmbase.sym
File: cmbase.sym 2007/12/19 v0.92
LaTeX Info: Redefining \hbar on input line 325.
LaTeX Info: Redefining \surd on input line 327.
LaTeX Info: Redefining \angle on input line 335.
LaTeX Info: Redefining \neq on input line 336.
LaTeX Info: Redefining \mapsto on input line 337.
LaTeX Info: Redefining \cong on input line 338.
LaTeX Info: Redefining \notin on input line 341.
LaTeX Info: Redefining \rightleftharpoons on input line 342.
LaTeX Info: Redefining \doteq on input line 343.
LaTeX Info: Redefining \hookrightarrow on input line 344.
LaTeX Info: Redefining \hookleftarrow on input line 345.
LaTeX Info: Redefining \bowtie on input line 346.
LaTeX Info: Redefining \models on input line 347.
LaTeX Info: Redefining \Longrightarrow on input line 348.
LaTeX Info: Redefining \longrightarrow on input line 349.
LaTeX Info: Redefining \Longleftarrow on input line 350.
LaTeX Info: Redefining \longleftarrow on input line 351.
LaTeX Info: Redefining \longmapsto on input line 352.
LaTeX Info: Redefining \longleftrightarrow on input line 353.
LaTeX Info: Redefining \Longleftrightarrow on input line 354.
LaTeX Info: Redefining \cdots on input line 358.
LaTeX Info: Redefining \vdots on input line 361.
LaTeX Info: Redefining \ddots on input line 366.
) (/usr/local/texlive/2018/texmf-dist/tex/latex/breqn/mathstyle.sty
Package: mathstyle 2017/01/27 0.98e Tracking mathstyle implicitly
LaTeX Info: Redefining \displaystyle on input line 93.
LaTeX Info: Redefining \textstyle on input line 95.
LaTeX Info: Redefining \scriptstyle on input line 97.
LaTeX Info: Redefining \scriptscriptstyle on input line 99.
LaTeX Info: Redefining \genfrac on input line 145.
)) (/usr/local/texlive/2018/texmf-dist/tex/latex/tools/calc.sty
Package: calc 2017/05/25 v4.3 Infix arithmetic (KKT,FJ)
\calc@Acount=\count278
\calc@Bcount=\count279
\calc@Adimen=\dimen176
\calc@Bdimen=\dimen177
\calc@Askip=\skip55
\calc@Bskip=\skip56
LaTeX Info: Redefining \setlength on input line 80.
LaTeX Info: Redefining \addtolength on input line 81.
\calc@Ccount=\count280
\calc@Cskip=\skip57
)
\inf@bad=\count281
\maxint=\count282
\listwidth=\dimen178
\eqnumsep=\dimen179
\eqmargin=\dimen180
\eqlinespacing=\skip58
\eqlineskip=\skip59
\eqlineskiplimit=\dimen181
\eqbinoffset=\muskip18
\eqdelimoffset=\muskip19
\eqindentstep=\dimen182
\eqstyle=\toks23
\eqbreakdepth=\count283
\eqinterlinepenalty=\count284
\intereqpenalty=\count285
\intereqskip=\skip60
\prerelpenalty=\count286
\prebinoppenalty=\count287
\Dmedmuskip=\muskip20
\Dthickmuskip=\muskip21
\eqleftskip=\skip61
\eqrightskip=\skip62
\eq@vspan=\skip63
\eq@binoffset=\muskip22
\EQ@box=\box45
\EQ@copy=\box46
\EQ@numbox=\box47
\eq@wdNum=\dimen183
\GRP@numbox=\box48
\grp@wdNum=\dimen184
\eq@lines=\count288
\eq@curline=\count289
\eq@badness=\count290
\EQ@vims=\count291
\eq@dp=\dimen185
\eq@wdL=\dimen186
\eq@wdT=\dimen187
\eq@wdMin=\dimen188
\grp@wdL=\dimen189
\grp@wdR=\dimen190
\grp@wdT=\dimen191
\eq@wdRmax=\dimen192
\eq@firstht=\dimen193
\eq@wdCond=\dimen194
\eq@indentstep=\dimen195
\eq@linewidth=\dimen196
\grp@linewidth=\dimen197
\eq@hshift=\dimen198
\eq@given@sidespace=\dimen199
\mathindent=\dimen256
\eq@final@linecount=\count292
\eq@wdR=\dimen257
\EQ@continue=\toks24
\lr@level=\count293
\GRP@queue=\toks25
\GRP@box=\box49
\GRP@wholebox=\box50
\darraycolsep=\skip64
\cur@row=\count294
\cur@col=\count295
\conditionsep=\skip65
) (/usr/local/texlive/2018/texmf-dist/tex/latex/sttools/cuted.sty
Package: cuted 2012/10/04 v1.5 Mixing onecolumn and twocolumn modes
\At@ViperColsBreak=\toks26
\v@aaa=\box51
\v@ccc=\box52
\lastskip@a=\skip66
\lastskip@b=\skip67
\lastskip@d=\skip68
\lastbox@a=\box53
\stripsep=\skip69
\@viper=\box54
\viper@penalty=\count296
\hold@viper=\box55
\ht@viper=\dimen258
) (/usr/local/texlive/2018/texmf-dist/tex/latex/txfonts/txfonts.sty
Package: txfonts 2008/01/22 v3.2.1
LaTeX Font Info:    Redeclaring symbol font `operators' on input line 21.
LaTeX Font Info:    Overwriting symbol font `operators' in version `normal'
(Font)                  OT1/cmr/m/n --> OT1/txr/m/n on input line 21.
LaTeX Font Info:    Overwriting symbol font `operators' in version `bold'
(Font)                  OT1/cmr/bx/n --> OT1/txr/m/n on input line 21.
LaTeX Font Info:    Overwriting symbol font `operators' in version `bold'
(Font)                  OT1/txr/m/n --> OT1/txr/bx/n on input line 22.
\symitalic=\mathgroup4
LaTeX Font Info:    Overwriting symbol font `italic' in version `bold'
(Font)                  OT1/txr/m/it --> OT1/txr/bx/it on input line 26.
LaTeX Font Info:    Redeclaring math alphabet \mathbf on input line 29.
LaTeX Font Info:    Overwriting math alphabet `\mathbf' in version `normal'
(Font)                  OT1/cmr/bx/n --> OT1/txr/bx/n on input line 29.
LaTeX Font Info:    Overwriting math alphabet `\mathbf' in version `bold'
(Font)                  OT1/cmr/bx/n --> OT1/txr/bx/n on input line 29.
LaTeX Font Info:    Redeclaring math alphabet \mathit on input line 30.
LaTeX Font Info:    Overwriting math alphabet `\mathit' in version `normal'
(Font)                  OT1/cmr/m/it --> OT1/txr/m/it on input line 30.
LaTeX Font Info:    Overwriting math alphabet `\mathit' in version `bold'
(Font)                  OT1/cmr/bx/it --> OT1/txr/m/it on input line 30.
LaTeX Font Info:    Overwriting math alphabet `\mathit' in version `bold'
(Font)                  OT1/txr/m/it --> OT1/txr/bx/it on input line 31.
LaTeX Font Info:    Redeclaring math alphabet \mathsf on input line 40.
LaTeX Font Info:    Overwriting math alphabet `\mathsf' in version `normal'
(Font)                  OT1/cmss/m/n --> OT1/txss/m/n on input line 40.
LaTeX Font Info:    Overwriting math alphabet `\mathsf' in version `bold'
(Font)                  OT1/cmss/bx/n --> OT1/txss/m/n on input line 40.
LaTeX Font Info:    Overwriting math alphabet `\mathsf' in version `bold'
(Font)                  OT1/txss/m/n --> OT1/txss/b/n on input line 41.
LaTeX Font Info:    Redeclaring math alphabet \mathtt on input line 50.
LaTeX Font Info:    Overwriting math alphabet `\mathtt' in version `normal'
(Font)                  OT1/cmtt/m/n --> OT1/txtt/m/n on input line 50.
LaTeX Font Info:    Overwriting math alphabet `\mathtt' in version `bold'
(Font)                  OT1/cmtt/m/n --> OT1/txtt/m/n on input line 50.
LaTeX Font Info:    Overwriting math alphabet `\mathtt' in version `bold'
(Font)                  OT1/txtt/m/n --> OT1/txtt/b/n on input line 51.
LaTeX Font Info:    Redeclaring symbol font `letters' on input line 58.
LaTeX Font Info:    Overwriting symbol font `letters' in version `normal'
(Font)                  OML/cmm/m/it --> OML/txmi/m/it on input line 58.
LaTeX Font Info:    Overwriting symbol font `letters' in version `bold'
(Font)                  OML/cmm/b/it --> OML/txmi/m/it on input line 58.
LaTeX Font Info:    Overwriting symbol font `letters' in version `bold'
(Font)                  OML/txmi/m/it --> OML/txmi/bx/it on input line 59.
\symlettersA=\mathgroup5
LaTeX Font Info:    Overwriting symbol font `lettersA' in version `bold'
(Font)                  U/txmia/m/it --> U/txmia/bx/it on input line 67.
LaTeX Font Info:    Redeclaring symbol font `symbols' on input line 77.
LaTeX Font Info:    Overwriting symbol font `symbols' in version `normal'
(Font)                  OMS/cmsy/m/n --> OMS/txsy/m/n on input line 77.
LaTeX Font Info:    Overwriting symbol font `symbols' in version `bold'
(Font)                  OMS/cmsy/b/n --> OMS/txsy/m/n on input line 77.
LaTeX Font Info:    Overwriting symbol font `symbols' in version `bold'
(Font)                  OMS/txsy/m/n --> OMS/txsy/bx/n on input line 78.
\symAMSa=\mathgroup6
LaTeX Font Info:    Overwriting symbol font `AMSa' in version `bold'
(Font)                  U/txsya/m/n --> U/txsya/bx/n on input line 94.
\symAMSb=\mathgroup7
LaTeX Font Info:    Overwriting symbol font `AMSb' in version `bold'
(Font)                  U/txsyb/m/n --> U/txsyb/bx/n on input line 103.
\symsymbolsC=\mathgroup8
LaTeX Font Info:    Overwriting symbol font `symbolsC' in version `bold'
(Font)                  U/txsyc/m/n --> U/txsyc/bx/n on input line 113.
LaTeX Font Info:    Redeclaring symbol font `largesymbols' on input line 120.
LaTeX Font Info:    Overwriting symbol font `largesymbols' in version `normal'
(Font)                  OMX/cmex/m/n --> OMX/txex/m/n on input line 120.
LaTeX Font Info:    Overwriting symbol font `largesymbols' in version `bold'
(Font)                  OMX/cmex/m/n --> OMX/txex/m/n on input line 120.
LaTeX Font Info:    Overwriting symbol font `largesymbols' in version `bold'
(Font)                  OMX/txex/m/n --> OMX/txex/bx/n on input line 121.
\symlargesymbolsA=\mathgroup9
LaTeX Font Info:    Overwriting symbol font `largesymbolsA' in version `bold'
(Font)                  U/txexa/m/n --> U/txexa/bx/n on input line 129.
LaTeX Info: Redefining \not on input line 1043.
) (/Users/mattia/Desktop/Lab_C03/esperienza_4_Pendolo/relazione/esperienza4_C03_2020_12_22.aux)
\openout1 = `esperienza4_C03_2020_12_22.aux'.

LaTeX Font Info:    Checking defaults for OML/txmi/m/it on input line 33.
LaTeX Font Info:    Try loading font information for OML+txmi on input line 33.
 (/usr/local/texlive/2018/texmf-dist/tex/latex/txfonts/omltxmi.fd
File: omltxmi.fd 2000/12/15 v3.1
)
LaTeX Font Info:    ... okay on input line 33.
LaTeX Font Info:    Checking defaults for T1/cmr/m/n on input line 33.
LaTeX Font Info:    ... okay on input line 33.
LaTeX Font Info:    Checking defaults for OT1/cmr/m/n on input line 33.
LaTeX Font Info:    ... okay on input line 33.
LaTeX Font Info:    Checking defaults for OMS/txsy/m/n on input line 33.
LaTeX Font Info:    Try loading font information for OMS+txsy on input line 33.
 (/usr/local/texlive/2018/texmf-dist/tex/latex/txfonts/omstxsy.fd
File: omstxsy.fd 2000/12/15 v3.1
)
LaTeX Font Info:    ... okay on input line 33.
LaTeX Font Info:    Checking defaults for OMX/txex/m/n on input line 33.
LaTeX Font Info:    Try loading font information for OMX+txex on input line 33.
 (/usr/local/texlive/2018/texmf-dist/tex/latex/txfonts/omxtxex.fd
File: omxtxex.fd 2000/12/15 v3.1
)
LaTeX Font Info:    ... okay on input line 33.
LaTeX Font Info:    Checking defaults for U/txexa/m/n on input line 33.
LaTeX Font Info:    Try loading font information for U+txexa on input line 33.
 (/usr/local/texlive/2018/texmf-dist/tex/latex/txfonts/utxexa.fd
File: utxexa.fd 2000/12/15 v3.1
)
LaTeX Font Info:    ... okay on input line 33.
LaTeX Font Info:    Checking defaults for PD1/pdf/m/n on input line 33.
LaTeX Font Info:    ... okay on input line 33.
LaTeX Font Info:    Try loading font information for T1+txr on input line 33.
 (/usr/local/texlive/2018/texmf-dist/tex/latex/txfonts/t1txr.fd
File: t1txr.fd 2000/12/15 v3.1
)
Package caption Info: Begin \AtBeginDocument code.
Package caption Info: hyperref package is loaded.
Package caption Info: End \AtBeginDocument code.
LaTeX Info: Redefining \it@ocap on input line 33.
LaTeX Info: Redefining \it@ccap on input line 33.
\AtBeginShipoutBox=\box56
Package hyperref Info: Link coloring OFF on input line 33.
 (/usr/local/texlive/2018/texmf-dist/tex/latex/hyperref/nameref.sty
Package: nameref 2016/05/21 v2.44 Cross-referencing by name of section
 (/usr/local/texlive/2018/texmf-dist/tex/generic/oberdiek/gettitlestring.sty
Package: gettitlestring 2016/05/16 v1.5 Cleanup title references (HO)
)
\c@section@level=\count297
)
LaTeX Info: Redefining \ref on input line 33.
LaTeX Info: Redefining \pageref on input line 33.
LaTeX Info: Redefining \nameref on input line 33.
 (/usr/local/texlive/2018/texmf-dist/tex/context/base/mkii/supp-pdf.mkii
[Loading MPS to PDF converter (version 2006.09.02).]
\scratchcounter=\count298
\scratchdimen=\dimen259
\scratchbox=\box57
\nofMPsegments=\count299
\nofMParguments=\count300
\everyMPshowfont=\toks27
\MPscratchCnt=\count301
\MPscratchDim=\dimen260
\MPnumerator=\count302
\makeMPintoPDFobject=\count303
\everyMPtoPDFconversion=\toks28
) (/usr/local/texlive/2018/texmf-dist/tex/latex/oberdiek/epstopdf-base.sty
Package: epstopdf-base 2016/05/15 v2.6 Base part for package epstopdf
 (/usr/local/texlive/2018/texmf-dist/tex/latex/oberdiek/grfext.sty
Package: grfext 2016/05/16 v1.2 Manage graphics extensions (HO)
)
Package epstopdf-base Info: Redefining graphics rule for `.eps' on input line 438.
Package grfext Info: Graphics extension search list:
(grfext)             [.pdf,.png,.jpg,.mps,.jpeg,.jbig2,.jb2,.PDF,.PNG,.JPG,.JPEG,.JBIG2,.JB2,.eps]
(grfext)             \AppendGraphicsExtensions on input line 456.
 (/usr/local/texlive/2018/texmf-dist/tex/latex/latexconfig/epstopdf-sys.cfg
File: epstopdf-sys.cfg 2010/07/13 v1.3 Configuration of (r)epstopdf for TeX Live
))
LaTeX Font Info:    Try loading font information for OT1+txr on input line 77.
 (/usr/local/texlive/2018/texmf-dist/tex/latex/txfonts/ot1txr.fd
File: ot1txr.fd 2000/12/15 v3.1
)
LaTeX Font Info:    Try loading font information for U+txmia on input line 77.
 (/usr/local/texlive/2018/texmf-dist/tex/latex/txfonts/utxmia.fd
File: utxmia.fd 2000/12/15 v3.1
)
LaTeX Font Info:    Try loading font information for U+txsya on input line 77.
 (/usr/local/texlive/2018/texmf-dist/tex/latex/txfonts/utxsya.fd
File: utxsya.fd 2000/12/15 v3.1
)
LaTeX Font Info:    Try loading font information for U+txsyb on input line 77.
 (/usr/local/texlive/2018/texmf-dist/tex/latex/txfonts/utxsyb.fd
File: utxsyb.fd 2000/12/15 v3.1
)
LaTeX Font Info:    Try loading font information for U+txsyc on input line 77.
 (/usr/local/texlive/2018/texmf-dist/tex/latex/txfonts/utxsyc.fd
File: utxsyc.fd 2000/12/15 v3.1
)
Underfull \hbox (badness 1997) in paragraph at lines 86--86
[][][]\T1/txr/m/n/8 Come os-ser-via-mo pi avan-ti, gli an-go-li in-di-vi-dua-ti dal-le
 []


Underfull \hbox (badness 1939) in paragraph at lines 84--91
\T1/txr/m/n/10 Lo sco-po del-l'e-spe-rien-za  di ri-ca-va-re dal mo-to
 []


Underfull \hbox (badness 1052) in paragraph at lines 84--91
\T1/txr/m/n/10 va-lu-tan-do co-me tra-scu-ra-bi-le la mas-sa del fi-lo del
 []


Underfull \hbox (badness 10000) in paragraph at lines 84--91

 []


Underfull \hbox (badness 1629) in paragraph at lines 96--98
\T1/txr/m/n/10 Di se-gui-to elen-chia-mo la stru-men-ta-zio-ne uti-liz-za-
 []


Underfull \hbox (badness 2961) in paragraph at lines 100--107
\T1/txr/m/n/10 kg, al-tez-za $\OT1/txr/m/n/10 (1\OML/txmi/m/it/10 :\OT1/txr/m/n/10 430 \OMS/txsy/m/n/10 ^^F \OT1/txr/m/n/10 0\OML/txmi/m/it/10 :\OT1/txr/m/n/10 01) \OMS/txsy/m/n/10 ^^B \OT1/txr/m/n/10 10[]$ \T1/txr/m/n/10 m, dia-me-tro
 []


Underfull \hbox (badness 10000) in paragraph at lines 100--107

 []


Underfull \hbox (badness 10000) in paragraph at lines 109--119

 []

[1{/usr/local/texlive/2018/texmf-var/fonts/map/pdftex/updmap/pdftex.map}


]
Underfull \hbox (badness 1577) in paragraph at lines 124--132
\T1/txr/m/n/10 Pallina di na-ta-le sfe-ri-ca pie-na di sa-le: dia-me-tro
 []


Underfull \hbox (badness 1609) in paragraph at lines 124--132
\T1/txr/m/n/10 Flessometro fis-sa-to di fian-co al pan-do-lo, ta-le da
 []


Underfull \hbox (badness 10000) in paragraph at lines 124--132

 []


Underfull \hbox (badness 10000) in paragraph at lines 134--139

 []

<../fig/pendulum_simple.pdf, id=24, 278.90901pt x 228.855pt>
File: ../fig/pendulum_simple.pdf Graphic file (type pdf)
<use ../fig/pendulum_simple.pdf>
Package pdftex.def Info: ../fig/pendulum_simple.pdf  used on input line 155.
(pdftex.def)             Requested size: 217.46417pt x 178.43633pt.

Underfull \vbox (badness 1642) has occurred while \output is active []

 [2 <../fig/pendulum_simple.pdf>] [3]
Underfull \vbox (badness 10000) has occurred while \output is active []


Underfull \vbox (badness 6741) has occurred while \output is active []

Extra height:10.0pt when 52.85219pt

Underfull \vbox (badness 10000) has occurred while \output is active []


Underfull \vbox (badness 10000) has occurred while \output is active []

Extra height:10.0pt when 53.85219pt
Extra height:0.0pt when 54.85219pt
(2)Left:54.85219pt Right:49.62996pt Output:54.85219pt
- LAST -
Left:54.85219pt
Right:49.62996pt
Output:54.85219pt

Underfull \vbox (badness 10000) has occurred while \output is active []


Overfull \vbox (452.38942pt too high) has occurred while \output is active []

 [4]
<../fig/dati_a_lin.pdf, id=106, 569.12625pt x 451.6875pt>
File: ../fig/dati_a_lin.pdf Graphic file (type pdf)
<use ../fig/dati_a_lin.pdf>
Package pdftex.def Info: ../fig/dati_a_lin.pdf  used on input line 371.
(pdftex.def)             Requested size: 146.89862pt x 116.58823pt.
<../fig/dati_b_lin.pdf, id=107, 569.12625pt x 451.6875pt>
File: ../fig/dati_b_lin.pdf Graphic file (type pdf)
<use ../fig/dati_b_lin.pdf>
Package pdftex.def Info: ../fig/dati_b_lin.pdf  used on input line 372.
(pdftex.def)             Requested size: 146.89862pt x 116.58823pt.
<../fig/dati_c_lin.pdf, id=108, 569.12625pt x 451.6875pt>
File: ../fig/dati_c_lin.pdf Graphic file (type pdf)
<use ../fig/dati_c_lin.pdf>
Package pdftex.def Info: ../fig/dati_c_lin.pdf  used on input line 373.
(pdftex.def)             Requested size: 146.89862pt x 116.58823pt.
<../fig/dati_a_nonlin.pdf, id=109, 569.12625pt x 451.6875pt>
File: ../fig/dati_a_nonlin.pdf Graphic file (type pdf)
<use ../fig/dati_a_nonlin.pdf>
Package pdftex.def Info: ../fig/dati_a_nonlin.pdf  used on input line 374.
(pdftex.def)             Requested size: 146.89862pt x 116.58823pt.
<../fig/dati_b_nonlin.pdf, id=110, 569.12625pt x 451.6875pt>
File: ../fig/dati_b_nonlin.pdf Graphic file (type pdf)
<use ../fig/dati_b_nonlin.pdf>
Package pdftex.def Info: ../fig/dati_b_nonlin.pdf  used on input line 375.
(pdftex.def)             Requested size: 146.89862pt x 116.58823pt.
<../fig/dati_c_nonlin.pdf, id=111, 569.12625pt x 451.6875pt>
File: ../fig/dati_c_nonlin.pdf Graphic file (type pdf)
<use ../fig/dati_c_nonlin.pdf>
Package pdftex.def Info: ../fig/dati_c_nonlin.pdf  used on input line 376.
(pdftex.def)             Requested size: 146.89862pt x 116.58823pt.
LaTeX Font Info:    Try loading font information for T1+txtt on input line 441.
 (/usr/local/texlive/2018/texmf-dist/tex/latex/txfonts/t1txtt.fd
File: t1txtt.fd 2000/12/15 v3.1
)
Underfull \hbox (badness 3701) in paragraph at lines 446--449
[]\T1/txr/m/n/10 Il pro-gram-ma [][]\T1/txtt/m/n/10 graph_all.C []\T1/txr/m/n/10 si ba-sa su i fi-
 []


Underfull \hbox (badness 10000) in paragraph at lines 446--449
\T1/txr/m/n/10 le [][]\T1/txtt/m/n/10 ed_dati_modifica.dat[]\T1/txr/m/n/10 , [][]\T1/txtt/m/n/10 rp_dati.dat []\T1/txr/m/n/10 e
 []


Underfull \hbox (badness 2293) in paragraph at lines 446--449
[][]\T1/txtt/m/n/10 ms_dati.dat[]\T1/txr/m/n/10 , do-ve so-no tra-scrit-ti i va-lo-ri non-
 []


Underfull \hbox (badness 1859) in paragraph at lines 446--449
\T1/txr/m/n/10 linearizzati di Tab. []1[], Tab. []2[] e Tab. []3[] in
 []


Underfull \hbox (badness 10000) in paragraph at lines 454--456
\T1/txr/m/n/10 e sui fi-le [][]\T1/txtt/m/n/10 ed_dati_lin_modifica.dat[]\T1/txr/m/n/10 ,
 []


Underfull \hbox (badness 2269) in paragraph at lines 497--498
[]\T1/txr/m/n/10 Calcoliamo quin-di la mi-glior sti-ma del va-lo-re
 []

[5] [6 <../fig/dati_a_lin.pdf, page is rotated 90 degrees> <../fig/dati_b_lin.pdf, page is rotated 90 degrees> <../fig/dati_c_lin.pdf, page is rotated 90 degrees> <../fig/dati_a_nonlin.pdf, page is rotated 90 degrees> <../fig/dati_b_nonlin.pdf, page is rotated 90 degrees> <../fig/dati_c_nonlin.pdf, page is rotated 90 degrees>]
Underfull \hbox (badness 10000) in paragraph at lines 548--549

 []

<../fig/multigraph_set_final_v2.pdf, id=403, 569.12625pt x 451.6875pt>
File: ../fig/multigraph_set_final_v2.pdf Graphic file (type pdf)
<use ../fig/multigraph_set_final_v2.pdf>
Package pdftex.def Info: ../fig/multigraph_set_final_v2.pdf  used on input line 552.
(pdftex.def)             Requested size: 217.46417pt x 172.59415pt.
Package atveryend Info: Empty hook `BeforeClearDocument' on input line 571.
[7 <../fig/multigraph_set_final_v2.pdf, page is rotated 90 degrees>]
Package atveryend Info: Empty hook `AfterLastShipout' on input line 571.
 (/Users/mattia/Desktop/Lab_C03/esperienza_4_Pendolo/relazione/esperienza4_C03_2020_12_22.aux)
Package atveryend Info: Executing hook `AtVeryEndDocument' on input line 571.
Package atveryend Info: Empty hook `AtEndAfterFileList' on input line 571.
 ) 
Here is how much of TeX's memory you used:
 18716 strings out of 492649
 320683 string characters out of 6129622
 417399 words of memory out of 5000000
 22357 multiletter control sequences out of 15000+600000
 595348 words of font info for 132 fonts, out of 8000000 for 9000
 1141 hyphenation exceptions out of 8191
 43i,14n,40p,10463b,346s stack positions out of 5000i,500n,10000p,200000b,80000s
{/usr/local/texlive/2018/texmf-dist/fonts/enc/dvips/base/8r.enc}</usr/local/texlive/2018/texmf-dist/fonts/type1/public/txfonts/rtxb.pfb></usr/local/texlive/2018/texmf-dist/fonts/type1/public/txfonts/rtxmi.pfb></usr/local/texlive/2018/texmf-dist/fonts/type1/public/txfonts/rtxr.pfb></usr/local/texlive/2018/texmf-dist/fonts/type1/public/txfonts/t1xtt.pfb></usr/local/texlive/2018/texmf-dist/fonts/type1/public/txfonts/txex.pfb></usr/local/texlive/2018/texmf-dist/fonts/type1/public/txfonts/txsy.pfb></usr/local/texlive/2018/texmf-dist/fonts/type1/public/txfonts/txsya.pfb></usr/local/texlive/2018/texmf-dist/fonts/type1/public/txfonts/txsyc.pfb></usr/local/texlive/2018/texmf-dist/fonts/type1/urw/times/utmb8a.pfb></usr/local/texlive/2018/texmf-dist/fonts/type1/urw/times/utmr8a.pfb></usr/local/texlive/2018/texmf-dist/fonts/type1/urw/times/utmri8a.pfb>
Output written on /Users/mattia/Desktop/Lab_C03/esperienza_4_Pendolo/relazione/esperienza4_C03_2020_12_22.pdf (7 pages, 976259 bytes).
PDF statistics:
 562 PDF objects out of 1000 (max. 8388607)
 320 compressed objects within 4 object streams
 38 named destinations out of 1000 (max. 500000)
 177 words of extra memory for PDF output out of 10000 (max. 10000000)

